Mon, 11 Jul 2022 11:07:40 -0400 [UpgradeWizard] - setting session variables...
Mon, 11 Jul 2022 11:07:40 -0400 [UpgradeWizard] - -----------------------------------------------------------------------------
Mon, 11 Jul 2022 11:07:40 -0400 [UpgradeWizard] - Upgrade started. At start.php
Mon, 11 Jul 2022 11:07:40 -0400 [UpgradeWizard] - at unlinkUWTempFiles()
Mon, 11 Jul 2022 11:07:41 -0400 [UpgradeWizard] - finished!
Mon, 11 Jul 2022 11:07:41 -0400 [UpgradeWizard] - resetting $_SESSION
Thu, 03 Aug 2023 04:59:45 -0400 [UpgradeWizard] - setting session variables...
Thu, 03 Aug 2023 04:59:45 -0400 [UpgradeWizard] - -----------------------------------------------------------------------------
Thu, 03 Aug 2023 04:59:45 -0400 [UpgradeWizard] - Upgrade started. At start.php
Thu, 03 Aug 2023 04:59:45 -0400 [UpgradeWizard] - at unlinkUWTempFiles()
Thu, 03 Aug 2023 04:59:45 -0400 [UpgradeWizard] - finished!
Thu, 03 Aug 2023 04:59:45 -0400 [UpgradeWizard] - resetting $_SESSION
Thu, 03 Aug 2023 05:00:02 -0400 [UpgradeWizard] - setting session variables...
Thu, 03 Aug 2023 05:00:02 -0400 [UpgradeWizard] - [At systemCheck.php]
Thu, 03 Aug 2023 05:00:02 -0400 [UpgradeWizard] - Starting file permission check...
Thu, 03 Aug 2023 05:06:10 -0400 [UpgradeWizard] - Finished file permission check.
Thu, 03 Aug 2023 05:06:10 -0400 [UpgradeWizard] - Starting database permissions check...
Thu, 03 Aug 2023 05:06:10 -0400 [UpgradeWizard] - Checking CREATE TABLE permissions...
Thu, 03 Aug 2023 05:06:10 -0400 [UpgradeWizard] - Checking INSERT INTO permissions...
Thu, 03 Aug 2023 05:06:10 -0400 [UpgradeWizard] - Checking UPDATE TABLE permissions...
Thu, 03 Aug 2023 05:06:10 -0400 [UpgradeWizard] - Checking SELECT permissions...
Thu, 03 Aug 2023 05:06:10 -0400 [UpgradeWizard] - Checking DELETE FROM permissions...
Thu, 03 Aug 2023 05:06:10 -0400 [UpgradeWizard] - Checking ALTER TABLE ADD COLUMN permissions...
Thu, 03 Aug 2023 05:06:10 -0400 [UpgradeWizard] - Checking ALTER TABLE CHANGE COLUMN permissions...
Thu, 03 Aug 2023 05:06:10 -0400 [UpgradeWizard] - Checking ALTER TABLE DROP COLUMN permissions...
Thu, 03 Aug 2023 05:06:10 -0400 [UpgradeWizard] - Checking DROP TABLE permissions...
Thu, 03 Aug 2023 05:06:10 -0400 [UpgradeWizard] - No permissions errors found!
Thu, 03 Aug 2023 05:06:10 -0400 [UpgradeWizard] - Finished database permissions check.
Thu, 03 Aug 2023 05:07:59 -0400 [UpgradeWizard] - setting session variables...
Thu, 03 Aug 2023 05:07:59 -0400 [UpgradeWizard] - -----------------------------------------------------------------------------
Thu, 03 Aug 2023 05:07:59 -0400 [UpgradeWizard] - Upgrade started. At start.php
Thu, 03 Aug 2023 05:07:59 -0400 [UpgradeWizard] - at unlinkUWTempFiles()
Thu, 03 Aug 2023 05:07:59 -0400 [UpgradeWizard] - finished!
Thu, 03 Aug 2023 05:07:59 -0400 [UpgradeWizard] - resetting $_SESSION
Thu, 03 Aug 2023 05:58:23 -0400 [UpgradeWizard] - setting session variables...
Thu, 03 Aug 2023 05:58:23 -0400 [UpgradeWizard] - -----------------------------------------------------------------------------
Thu, 03 Aug 2023 05:58:23 -0400 [UpgradeWizard] - Upgrade started. At start.php
Thu, 03 Aug 2023 05:58:23 -0400 [UpgradeWizard] - at unlinkUWTempFiles()
Thu, 03 Aug 2023 05:58:23 -0400 [UpgradeWizard] - finished!
Thu, 03 Aug 2023 05:58:23 -0400 [UpgradeWizard] - resetting $_SESSION
Thu, 03 Aug 2023 05:58:32 -0400 [UpgradeWizard] - setting session variables...
Thu, 03 Aug 2023 05:58:32 -0400 [UpgradeWizard] - [At systemCheck.php]
Thu, 03 Aug 2023 05:58:32 -0400 [UpgradeWizard] - Starting file permission check...
Thu, 03 Aug 2023 06:04:40 -0400 [UpgradeWizard] - Finished file permission check.
Thu, 03 Aug 2023 06:04:40 -0400 [UpgradeWizard] - Starting database permissions check...
Thu, 03 Aug 2023 06:04:40 -0400 [UpgradeWizard] - Checking CREATE TABLE permissions...
Thu, 03 Aug 2023 06:04:40 -0400 [UpgradeWizard] - Checking INSERT INTO permissions...
Thu, 03 Aug 2023 06:04:40 -0400 [UpgradeWizard] - Checking UPDATE TABLE permissions...
Thu, 03 Aug 2023 06:04:40 -0400 [UpgradeWizard] - Checking SELECT permissions...
Thu, 03 Aug 2023 06:04:40 -0400 [UpgradeWizard] - Checking DELETE FROM permissions...
Thu, 03 Aug 2023 06:04:40 -0400 [UpgradeWizard] - Checking ALTER TABLE ADD COLUMN permissions...
Thu, 03 Aug 2023 06:04:40 -0400 [UpgradeWizard] - Checking ALTER TABLE CHANGE COLUMN permissions...
Thu, 03 Aug 2023 06:04:40 -0400 [UpgradeWizard] - Checking ALTER TABLE DROP COLUMN permissions...
Thu, 03 Aug 2023 06:04:40 -0400 [UpgradeWizard] - Checking DROP TABLE permissions...
Thu, 03 Aug 2023 06:04:40 -0400 [UpgradeWizard] - No permissions errors found!
Thu, 03 Aug 2023 06:04:40 -0400 [UpgradeWizard] - Finished database permissions check.
Mon, 07 Aug 2023 09:36:06 -0400 [UpgradeWizard] - setting session variables...
Mon, 07 Aug 2023 09:36:06 -0400 [UpgradeWizard] - -----------------------------------------------------------------------------
Mon, 07 Aug 2023 09:36:06 -0400 [UpgradeWizard] - Upgrade started. At start.php
Mon, 07 Aug 2023 09:36:06 -0400 [UpgradeWizard] - at unlinkUWTempFiles()
Mon, 07 Aug 2023 09:36:06 -0400 [UpgradeWizard] - finished!
Mon, 07 Aug 2023 09:36:06 -0400 [UpgradeWizard] - resetting $_SESSION
Mon, 07 Aug 2023 09:36:32 -0400 [UpgradeWizard] - setting session variables...
Mon, 07 Aug 2023 09:36:32 -0400 [UpgradeWizard] - [At systemCheck.php]
Mon, 07 Aug 2023 09:36:32 -0400 [UpgradeWizard] - Starting file permission check...
Mon, 07 Aug 2023 09:42:22 -0400 [UpgradeWizard] - Finished file permission check.
Mon, 07 Aug 2023 09:42:22 -0400 [UpgradeWizard] - Starting database permissions check...
Mon, 07 Aug 2023 09:42:22 -0400 [UpgradeWizard] - Checking CREATE TABLE permissions...
Mon, 07 Aug 2023 09:42:22 -0400 [UpgradeWizard] - Checking INSERT INTO permissions...
Mon, 07 Aug 2023 09:42:22 -0400 [UpgradeWizard] - Checking UPDATE TABLE permissions...
Mon, 07 Aug 2023 09:42:22 -0400 [UpgradeWizard] - Checking SELECT permissions...
Mon, 07 Aug 2023 09:42:22 -0400 [UpgradeWizard] - Checking DELETE FROM permissions...
Mon, 07 Aug 2023 09:42:22 -0400 [UpgradeWizard] - Checking ALTER TABLE ADD COLUMN permissions...
Mon, 07 Aug 2023 09:42:22 -0400 [UpgradeWizard] - Checking ALTER TABLE CHANGE COLUMN permissions...
Mon, 07 Aug 2023 09:42:22 -0400 [UpgradeWizard] - Checking ALTER TABLE DROP COLUMN permissions...
Mon, 07 Aug 2023 09:42:22 -0400 [UpgradeWizard] - Checking DROP TABLE permissions...
Mon, 07 Aug 2023 09:42:22 -0400 [UpgradeWizard] - No permissions errors found!
Mon, 07 Aug 2023 09:42:22 -0400 [UpgradeWizard] - Finished database permissions check.
